# JRE version: OpenJDK Runtime Environment (8.0_152) (build 1.8.0_152-release-1343-b16-5323222)
# Java VM: OpenJDK 64-Bit Server VM (25.152-b16-5323222 mixed mode linux-amd64 compressed oops)
Heap:
 def new generation   total 76160K, used 69214K [0x00000000a0000000, 0x00000000a52a0000, 0x00000000c0000000)
  eden space 67712K, 100% used [0x00000000a0000000, 0x00000000a4220000, 0x00000000a4220000)
  from space 8448K,  17% used [0x00000000a4220000, 0x00000000a4397960, 0x00000000a4a60000)
  to   space 8448K,   0% used [0x00000000a4a60000, 0x00000000a4a663c8, 0x00000000a52a0000)
 tenured generation   total 168872K, used 81499K [0x00000000c0000000, 0x00000000ca4ea000, 0x0000000100000000)
   the space 168872K,  48% used [0x00000000c0000000, 0x00000000c4f96d88, 0x00000000c4f96e00, 0x00000000ca4ea000)
 Metaspace       used 96305K, capacity 101010K, committed 101272K, reserved 1138688K
  class space    used 12011K, capacity 12841K, committed 12976K, reserved 1048576K
GC Heap History (10 events):
Event: 4869.279 GC heap after
Heap after GC invocations=147 (full 8):
 def new generation   total 76160K, used 4693K [0x00000000a0000000, 0x00000000a52a0000, 0x00000000c0000000)
  eden space 67712K,   0% used [0x00000000a0000000, 0x00000000a0000000, 0x00000000a4220000)
  from space 8448K,  55% used [0x00000000a4220000, 0x00000000a46b5510, 0x00000000a4a60000)
  to   space 8448K,   0% used [0x00000000a4a60000, 0x00000000a4a60000, 0x00000000a52a0000)
 tenured generation   total 168872K, used 72987K [0x00000000c0000000, 0x00000000ca4ea000, 0x0000000100000000)
   the space 168872K,  43% used [0x00000000c0000000, 0x00000000c4746da0, 0x00000000c4746e00, 0x00000000ca4ea000)
 Metaspace       used 96102K, capacity 100792K, committed 100888K, reserved 1136640K
  class space    used 11999K, capacity 12790K, committed 12848K, reserved 1048576K
}
Event: 4871.614 GC heap before
{Heap before GC invocations=147 (full 8):
 def new generation   total 76160K, used 72380K [0x00000000a0000000, 0x00000000a52a0000, 0x00000000c0000000)
  eden space 67712K,  99% used [0x00000000a0000000, 0x00000000a4219ed8, 0x00000000a4220000)
  from space 8448K,  55% used [0x00000000a4220000, 0x00000000a46b5510, 0x00000000a4a60000)
  to   space 8448K,   0% used [0x00000000a4a60000, 0x00000000a4a60000, 0x00000000a52a0000)
 tenured generation   total 168872K, used 72987K [0x00000000c0000000, 0x00000000ca4ea000, 0x0000000100000000)
   the space 168872K,  43% used [0x00000000c0000000, 0x00000000c4746da0, 0x00000000c4746e00, 0x00000000ca4ea000)
 Metaspace       used 96178K, capacity 100896K, committed 101144K, reserved 1138688K
  class space    used 12008K, capacity 12806K, committed 12848K, reserved 1048576K
Event: 4871.638 GC heap after
Heap after GC invocations=148 (full 8):
 def new generation   total 76160K, used 1690K [0x00000000a0000000, 0x00000000a52a0000, 0x00000000c0000000)
  eden space 67712K,   0% used [0x00000000a0000000, 0x00000000a0000000, 0x00000000a4220000)
  from space 8448K,  20% used [0x00000000a4a60000, 0x00000000a4c068c0, 0x00000000a52a0000)
  to   space 8448K,   0% used [0x00000000a4220000, 0x00000000a4220000, 0x00000000a4a60000)
 tenured generation   total 168872K, used 76539K [0x00000000c0000000, 0x00000000ca4ea000, 0x0000000100000000)
   the space 168872K,  45% used [0x00000000c0000000, 0x00000000c4abef68, 0x00000000c4abf000, 0x00000000ca4ea000)
 Metaspace       used 96178K, capacity 100896K, committed 101144K, reserved 1138688K
  class space    used 12008K, capacity 12806K, committed 12848K, reserved 1048576K
}
Event: 5092.093 GC heap before
{Heap before GC invocations=148 (full 8):
 def new generation   total 76160K, used 69402K [0x00000000a0000000, 0x00000000a52a0000, 0x00000000c0000000)
  eden space 67712K, 100% used [0x00000000a0000000, 0x00000000a4220000, 0x00000000a4220000)
  from space 8448K,  20% used [0x00000000a4a60000, 0x00000000a4c068c0, 0x00000000a52a0000)
  to   space 8448K,   0% used [0x00000000a4220000, 0x00000000a4220000, 0x00000000a4a60000)
 tenured generation   total 168872K, used 76539K [0x00000000c0000000, 0x00000000ca4ea000, 0x0000000100000000)
   the space 168872K,  45% used [0x00000000c0000000, 0x00000000c4abef68, 0x00000000c4abf000, 0x00000000ca4ea000)
 Metaspace       used 96224K, capacity 100946K, committed 101272K, reserved 1138688K
  class space    used 12010K, capacity 12841K, committed 12976K, reserved 1048576K
Event: 5092.112 GC heap after
Heap after GC invocations=149 (full 8):
 def new generation   total 76160K, used 4600K [0x00000000a0000000, 0x00000000a52a0000, 0x00000000c0000000)
  eden space 67712K,   0% used [0x00000000a0000000, 0x00000000a0000000, 0x00000000a4220000)
  from space 8448K,  54% used [0x00000000a4220000, 0x00000000a469e0b8, 0x00000000a4a60000)
  to   space 8448K,   0% used [0x00000000a4a60000, 0x00000000a4a60000, 0x00000000a52a0000)
 tenured generation   total 168872K, used 76539K [0x00000000c0000000, 0x00000000ca4ea000, 0x0000000100000000)
   the space 168872K,  45% used [0x00000000c0000000, 0x00000000c4abef68, 0x00000000c4abf000, 0x00000000ca4ea000)
 Metaspace       used 96224K, capacity 100946K, committed 101272K, reserved 1138688K
  class space    used 12010K, capacity 12841K, committed 12976K, reserved 1048576K
}
Event: 5094.509 GC heap before
{Heap before GC invocations=149 (full 8):
 def new generation   total 76160K, used 72312K [0x00000000a0000000, 0x00000000a52a0000, 0x00000000c0000000)
  eden space 67712K, 100% used [0x00000000a0000000, 0x00000000a4220000, 0x00000000a4220000)
  from space 8448K,  54% used [0x00000000a4220000, 0x00000000a469e0b8, 0x00000000a4a60000)
  to   space 8448K,   0% used [0x00000000a4a60000, 0x00000000a4a60000, 0x00000000a52a0000)
 tenured generation   total 168872K, used 76539K [0x00000000c0000000, 0x00000000ca4ea000, 0x0000000100000000)
   the space 168872K,  45% used [0x00000000c0000000, 0x00000000c4abef68, 0x00000000c4abf000, 0x00000000ca4ea000)
 Metaspace       used 96267K, capacity 100946K, committed 101272K, reserved 1138688K
  class space    used 12010K, capacity 12841K, committed 12976K, reserved 1048576K
Event: 5094.543 GC heap after
Heap after GC invocations=150 (full 8):
 def new generation   total 76160K, used 8123K [0x00000000a0000000, 0x00000000a52a0000, 0x00000000c0000000)
  eden space 67712K,   0% used [0x00000000a0000000, 0x00000000a0000000, 0x00000000a4220000)
  from space 8448K,  96% used [0x00000000a4a60000, 0x00000000a524ee28, 0x00000000a52a0000)
  to   space 8448K,   0% used [0x00000000a4220000, 0x00000000a4220000, 0x00000000a4a60000)
 tenured generation   total 168872K, used 77106K [0x00000000c0000000, 0x00000000ca4ea000, 0x0000000100000000)
   the space 168872K,  45% used [0x00000000c0000000, 0x00000000c4b4cb70, 0x00000000c4b4cc00, 0x00000000ca4ea000)
 Metaspace       used 96267K, capacity 100946K, committed 101272K, reserved 1138688K
  class space    used 12010K, capacity 12841K, committed 12976K, reserved 1048576K
}
Event: 5095.784 GC heap before
{Heap before GC invocations=150 (full 8):
 def new generation   total 76160K, used 75532K [0x00000000a0000000, 0x00000000a52a0000, 0x00000000c0000000)
  eden space 67712K,  99% used [0x00000000a0000000, 0x00000000a41d41e0, 0x00000000a4220000)
  from space 8448K,  96% used [0x00000000a4a60000, 0x00000000a524ee28, 0x00000000a52a0000)
  to   space 8448K,   0% used [0x00000000a4220000, 0x00000000a4220000, 0x00000000a4a60000)
 tenured generation   total 168872K, used 77106K [0x00000000c0000000, 0x00000000ca4ea000, 0x0000000100000000)
   the space 168872K,  45% used [0x00000000c0000000, 0x00000000c4b4cb70, 0x00000000c4b4cc00, 0x00000000ca4ea000)
 Metaspace       used 96279K, capacity 101010K, committed 101272K, reserved 1138688K
  class space    used 12011K, capacity 12841K, committed 12976K, reserved 1048576K
Event: 5095.803 GC heap after
Heap after GC invocations=151 (full 8):
 def new generation   total 76160K, used 1502K [0x00000000a0000000, 0x00000000a52a0000, 0x00000000c0000000)
  eden space 67712K,   0% used [0x00000000a0000000, 0x00000000a0000000, 0x00000000a4220000)
  from space 8448K,  17% used [0x00000000a4220000, 0x00000000a4397960, 0x00000000a4a60000)
  to   space 8448K,   0% used [0x00000000a4a60000, 0x00000000a4a60000, 0x00000000a52a0000)
 tenured generation   total 168872K, used 81499K [0x00000000c0000000, 0x00000000ca4ea000, 0x0000000100000000)
   the space 168872K,  48% used [0x00000000c0000000, 0x00000000c4f96d88, 0x00000000c4f96e00, 0x00000000ca4ea000)
 Metaspace       used 96279K, capacity 101010K, committed 101272K, reserved 1138688K
  class space    used 12011K, capacity 12841K, committed 12976K, reserved 1048576K
}
Event: 8125.753 GC heap before
{Heap before GC invocations=151 (full 8):
 def new generation   total 76160K, used 69214K [0x00000000a0000000, 0x00000000a52a0000, 0x00000000c0000000)
  eden space 67712K, 100% used [0x00000000a0000000, 0x00000000a4220000, 0x00000000a4220000)
  from space 8448K,  17% used [0x00000000a4220000, 0x00000000a4397960, 0x00000000a4a60000)
  to   space 8448K,   0% used [0x00000000a4a60000, 0x00000000a4a60000, 0x00000000a52a0000)
 tenured generation   total 168872K, used 81499K [0x00000000c0000000, 0x00000000ca4ea000, 0x0000000100000000)
   the space 168872K,  48% used [0x00000000c0000000, 0x00000000c4f96d88, 0x00000000c4f96e00, 0x00000000ca4ea000)
 Metaspace       used 96305K, capacity 101010K, committed 101272K, reserved 1138688K
  class space    used 12011K, capacity 12841K, committed 12976K, reserved 1048576K

